TN:
SF:components/money-formater.vue
FN:30,(anonymous_1)
FN:33,(anonymous_2)
FNF:2
FNH:0
FNDA:0,(anonymous_1)
FNDA:0,(anonymous_2)
DA:26,0
DA:27,0
DA:31,0
DA:33,0
DA:35,0
LF:5
LH:0
BRF:0
BRH:0
end_of_record
TN:
SF:components/todo-list.vue
FN:27,(anonymous_1)
FN:31,(anonymous_2)
FNF:2
FNH:2
FNDA:1,(anonymous_1)
FNDA:2,(anonymous_2)
DA:24,1
DA:28,1
DA:29,1
DA:31,1
DA:32,2
DA:33,2
DA:34,2
DA:38,1
LF:8
LH:8
BRDA:32,0,0,2
BRF:1
BRH:1
end_of_record
TN:
SF:components/uppercase.vue
FN:36,(anonymous_1)
FN:39,(anonymous_2)
FNF:2
FNH:2
FNDA:1,(anonymous_1)
FNDA:1,(anonymous_2)
DA:32,1
DA:37,1
DA:39,2
DA:41,1
LF:4
LH:4
BRF:0
BRH:0
end_of_record
TN:
SF:pages/index.vue
FN:21,(anonymous_2)
FNF:1
FNH:0
FNDA:0,(anonymous_2)
DA:10,0
DA:11,0
DA:12,0
DA:13,0
LF:4
LH:0
BRF:0
BRH:0
end_of_record
